
      A    C    D    E    F    G    H    I    K    L    M    N    P    Q    R    S    T    V    W    Y  ,X
A     0    3   11   12   11   15    9   13   14   15    8    7   12    7    6   14   14   15    3    7  196
C     6    0    1    0    0    1    0    1    0    0    0    0    0    0    0   15    6    3    0    1   34
D    15    2    0   12   11   15   12    7   15    7    7   15    7    8    9   11    7    6    4    9  179
E    15    1   11    0   14   15    6    7   15    8    6    7    4   15    6    8    5   12    5    6  166
F    15    3    2    2    0    6    3    2    2   15    2    0    2    0    1    6    1    6   15    8   91
G    15    5   13    6    9    0    6    4    6    6    4    5    6    5    8   10    5   15    2    5  135
H    15    0    5    2    3   11    0    0    3    3    1    6    0    9    3    2    0    2    4    9   78
I    15    0    4    5    7   15    2    0    2   15   10    2    0    1    1    2    6   15    2    2  106
K    15    4    7   15   15   15   13    9    0    7   15   11    3   15   15    7   11   10    2    9  198
L    15    3    5    8    8   15    3   15    6    0    5    3    9    4    8    3    4   15    5    3  137
M    15    0    2    3    4    8    1   10    5   12    0    1    2    1    3    1    3    5    1    1   78
N    15    0   15    4    6   14    5    4    9    3    4    0    2    4    4    4    3    4    1    5  106
P    15    1    0    0    3   14    0    0    0    6    1    0    0    0    1    7    1    1    0    1   51
Q    15    1    2    5    4   15    3    2    2    5    1    6    5    0    3    2    1    1    1    1   75
R    15    5    0    4    2   15    5    1   11    5    3    0    2   11    0    3    1    2    6    0   91
S    15    0    3    5    2   15    2    2    1    1    0    2    2    0    2    0    5    3    3    2   65
T    15    5   15   14   11   15   14   15   13   13   12   14    7   14   13   15    0   15    3   12  235
V    15    4    9    9    7   15    3   15    6   15   11    3    5    5    3   15   15    0    2    4  161
W     6    0    1    0   15    0    2    0    0    2    0    0    0    1    2    1    0    0    0    8   38
Y    15    1    5    4   15   13    4    5    5   15    4    4    4    3    5    7    4    3    8    0  124
  267   38  111  110  147  232   93  112  115  153   94   86   72  103   93  133   92  133   67   93

      A    C    D    E    F    G    H    I    K    L    M    N    P    Q    R    S    T    V    W    Y  
A     0
C     9    0
D    26    3    0
E    27    1   23    0
F    26    3   13   16    0
G    30    6   28   21   15    0
H    24    0   17    8    6   17    0
I    28    1   11   12    9   19    2    0
K    29    4   22   30   17   21   16   11    0
L    30    3   12   16   23   21    6   30   13    0
M    23    0    9    9    6   12    2   20   20   17    0
N    22    0   30   11    6   19   11    6   20    6    5    0
P    27    1    7    4    5   20    0    0    3   15    3    2    0
Q    22    1   10   20    4   20   12    3   17    9    2   10    5    0
R    21    5    9   10    3   23    8    2   26   13    6    4    3   14    0
S    29   15   14   13    8   25    4    4    8    4    1    6    9    2    5    0
T    29   11   22   19   12   20   14   21   24   17   15   17    8   15   14   20    0
V    30    7   15   21   13   30    5   30   16   30   16    7    6    6    5   18   30    0
W     9    0    5    5   30    2    6    2    2    7    1    1    0    2    8    4    3    2    0
Y    22    2   14   10   23   18   13    7   14   18    5    9    5    4    5    9   16    7   16    0

    A    C    D    E    F    G    H    I    K    L    M    N    P    Q    R    S    T    V    W    Y    
  463   72  290  276  238  367  171  218  313  290  172  192  123  178  184  198  327  294  105  217 	 aa <-> aa
  196   34  179  166   91  135   78  106  198  137   78  106   51   75   91   65  235  161   38  124 	 aa <-> xx
  267   38  111  110  147  232   93  112  115  153   94   86   72  103   93  133   92  133   67   93 	 xx <-> aa

  0( 76)    1( 48)    2(240)    3( 28)    4( 95)    5( 11)    6( 13)    8( 15)   10( 23)   11(  4)   12(  2)   13( 34)   14( 56)   15( 34)   16( 49)  
 17(  3)   18(  9)   19(  2)   20(  2)   22(  2)   24( 10)   26(  8)   28(  3)   29( 13)   30( 29)   32(  6)   33(  1)   34(  5)   35( 17)   36( 27)  
 37(  3)   40( 25)   41( 12)   43( 26)   45( 10)   46( 11)   48( 24)   49( 13)   50( 14)   51(  2)   52(  3)   53(  1)   54( 11)   55(  2)   56(  3)  
 57(768)   59(  4)   62(  1)   65(  4)   67(  3)   68( 11)   70(  1)   75(  4)   80( 11)   81( 17)   82(  2)   84(  8)   85(  1)   89(  2)   90( 18)  
 91(  8)   94(  4)  100( 10)  101( 25)  103(  2)  104(  8)  105(  5)  106(  3)  109(  8)  110(  2)  111(  1)  114(  3)  115(  1)  117(  4)  121( 15)  
122(  6)  125(  4)  126(  2)  127(  3)  128(  3)  130(  2)  131(  3)  132(  4)  135( 11)  136(  1)  137(  2)  138(  4)  139(  1)  141(  1)  143( 33)  
144(  1)  146(  1)  147(  6)  149( 23)  150( 25)  153(  5)  155(  2)  157(  2)  159(  4)  160(  4)  163( 17)  164( 10)  168(  5)  170(  1)  172(  7)  
173( 10)  175(  3)  176(  1)  177(  3)  179( 35)  181(  5)  185(  1)  186(  7)  187(  1)  189(  2)  190(  1)  193(  2)  194(  6)  196(  3)  198(  1)  
199( 12)  200( 17)  201(  5)  203(  3)  204(  1)  208(  7)  209(  1)  213(  2)  215(  3)  217(  6)  220(  4)  223(  1)  225( 17)  227(  5)  237(  1)  
238(  4)  239(  2)  

#classes 137  imaxclass 239  nmutstat 2344 2344
#S   985(42.0)  D  1359(58.0)  ZERO     0 TOTAL  2344  DDexp MAX 4.40 MIN -6.90 
-> nvar 11

init            0.000   0.000   0.000   0.000   0.000   0.000   0.000   0.000   0.000   0.000   0.000

Number of cases 2344 K-10 fold training subset 234


         A      C      D      E      F      G      H      I      K      L      M      N      P      Q      R      S      T      V      W      Y |  RMSE   MAE   PPV   Sen   Spe   PCC   ACC   NPV   MCC   ROC   PRC
AVG  1.872  0.690  0.841  0.841  2.447  0.867  1.022  2.576  1.022  2.576  1.706  1.107  1.389  1.107  1.608  1.107  1.107  2.576  1.389  2.447 | 1.297 0.943 0.706 0.516 0.844 0.600 0.706 0.706 0.385 0.772 0.673
SIG  0.062  0.106  0.031  0.031  0.059  0.084  0.025  0.039  0.025  0.039  0.052  0.023  0.030  0.023  0.074  0.023  0.023  0.039  0.030  0.059 | 0.085 0.056 0.053 0.046 0.031 0.053 0.027 0.032 0.056 0.029 0.050
MED  1.860  0.703  0.846  0.846  2.453  0.861  1.025  2.574  1.025  2.574  1.715  1.105  1.381  1.105  1.608  1.105  1.105  2.574  1.381  2.453 | 1.298 0.942 0.708 0.515 0.846 0.605 0.705 0.706 0.385 0.774 0.675
MAX  2.039  0.997  0.929  0.929  2.605  1.117  1.076  2.700  1.076  2.700  1.870  1.215  1.554  1.215  1.782  1.215  1.215  2.700  1.554  2.605 | 1.559 1.119 0.862 0.663 0.735 0.735 0.791 0.825 0.561 0.848 0.802
MIN  1.690  0.481  0.748  0.748  2.247  0.653  0.930  2.456  0.930  2.456  1.503  1.052  1.328  1.052  1.388  1.052  1.052  2.456  1.328  2.247 | 1.021 0.753 0.534 0.368 0.939 0.412 0.615 0.586 0.207 0.666 0.505
 save rocs.txt 100
